0000              1   ;--------------------------------------------------------
0000              2   ; File Created by C51
0000              3   ; Version 1.0.0 #1170 (Feb 16 2022) (MSVC)
0000              4   ; This file was generated Tue Mar 05 11:22:13 2024
0000              5   ;--------------------------------------------------------
                  5   $name Yuhan_Yuqian_lab5
                  6   $optc51 --model-small
                  7   $printf_float
0000              9            R_DSEG    segment data
0000             10            R_CSEG    segment code
0000             11            R_BSEG    segment bit
0000             12            R_XSEG    segment xdata
0000             13            R_PSEG    segment xdata
0000             14            R_ISEG    segment idata
0000             15            R_OSEG    segment data overlay
0000             16            BIT_BANK  segment data overlay
0000             17            R_HOME    segment code
0000             18            R_GSINIT  segment code
0000             19            R_IXSEG   segment xdata
0000             20            R_CONST   segment code
0000             21            R_XINIT   segment code
0000             22            R_DINIT   segment code
0000             23   
0000             24   ;--------------------------------------------------------
0000             25   ; Public variables in this module
0000             26   ;--------------------------------------------------------
0000             27            public _InitPinADC_PARM_2
0000             28            public _main
0000             29            public _Get_ADC
0000             30            public _Volts_at_Pin
0000             31            public _ADC_at_Pin
0000             32            public _InitPinADC
0000             33            public _TIMER0_Init
0000             34            public _waitms
0000             35            public _Timer3us
0000             36            public _InitADC
0000             37            public __c51_external_startup
0000             38            public _overflow_count
0000             39   ;--------------------------------------------------------
0000             40   ; Special Function Registers
0000             41   ;--------------------------------------------------------
0000             42   _ACC            DATA 0xe0
0000             43   _ADC0ASAH       DATA 0xb6
0000             44   _ADC0ASAL       DATA 0xb5
0000             45   _ADC0ASCF       DATA 0xa1
0000             46   _ADC0ASCT       DATA 0xc7
0000             47   _ADC0CF0        DATA 0xbc
0000             48   _ADC0CF1        DATA 0xb9
0000             49   _ADC0CF2        DATA 0xdf
0000             50   _ADC0CN0        DATA 0xe8
0000             51   _ADC0CN1        DATA 0xb2
0000             52   _ADC0CN2        DATA 0xb3
0000             53   _ADC0GTH        DATA 0xc4
0000             54   _ADC0GTL        DATA 0xc3
0000             55   _ADC0H          DATA 0xbe
0000             56   _ADC0L          DATA 0xbd
0000             57   _ADC0LTH        DATA 0xc6
0000             58   _ADC0LTL        DATA 0xc5
0000             59   _ADC0MX         DATA 0xbb
0000             60   _B              DATA 0xf0
0000             61   _CKCON0         DATA 0x8e
0000             62   _CKCON1         DATA 0xa6
0000             63   _CLEN0          DATA 0xc6
0000             64   _CLIE0          DATA 0xc7
0000             65   _CLIF0          DATA 0xe8
0000             66   _CLKSEL         DATA 0xa9
0000             67   _CLOUT0         DATA 0xd1
0000             68   _CLU0CF         DATA 0xb1
0000             69   _CLU0FN         DATA 0xaf
0000             70   _CLU0MX         DATA 0x84
0000             71   _CLU1CF         DATA 0xb3
0000             72   _CLU1FN         DATA 0xb2
0000             73   _CLU1MX         DATA 0x85
0000             74   _CLU2CF         DATA 0xb6
0000             75   _CLU2FN         DATA 0xb5
0000             76   _CLU2MX         DATA 0x91
0000             77   _CLU3CF         DATA 0xbf
0000             78   _CLU3FN         DATA 0xbe
0000             79   _CLU3MX         DATA 0xae
0000             80   _CMP0CN0        DATA 0x9b
0000             81   _CMP0CN1        DATA 0x99
0000             82   _CMP0MD         DATA 0x9d
0000             83   _CMP0MX         DATA 0x9f
0000             84   _CMP1CN0        DATA 0xbf
0000             85   _CMP1CN1        DATA 0xac
0000             86   _CMP1MD         DATA 0xab
0000             87   _CMP1MX         DATA 0xaa
0000             88   _CRC0CN0        DATA 0xce
0000             89   _CRC0CN1        DATA 0x86
0000             90   _CRC0CNT        DATA 0xd3
0000             91   _CRC0DAT        DATA 0xcb
0000             92   _CRC0FLIP       DATA 0xcf
0000             93   _CRC0IN         DATA 0xca
0000             94   _CRC0ST         DATA 0xd2
0000             95   _DAC0CF0        DATA 0x91
0000             96   _DAC0CF1        DATA 0x92
0000             97   _DAC0H          DATA 0x85
0000             98   _DAC0L          DATA 0x84
0000             99   _DAC1CF0        DATA 0x93
0000            100   _DAC1CF1        DATA 0x94
0000            101   _DAC1H          DATA 0x8a
0000            102   _DAC1L          DATA 0x89
0000            103   _DAC2CF0        DATA 0x95
0000            104   _DAC2CF1        DATA 0x96
0000            105   _DAC2H          DATA 0x8c
0000            106   _DAC2L          DATA 0x8b
0000            107   _DAC3CF0        DATA 0x9a
0000            108   _DAC3CF1        DATA 0x9c
0000            109   _DAC3H          DATA 0x8e
0000            110   _DAC3L          DATA 0x8d
0000            111   _DACGCF0        DATA 0x88
0000            112   _DACGCF1        DATA 0x98
0000            113   _DACGCF2        DATA 0xa2
0000            114   _DERIVID        DATA 0xad
0000            115   _DEVICEID       DATA 0xb5
0000            116   _DPH            DATA 0x83
0000            117   _DPL            DATA 0x82
0000            118   _EIE1           DATA 0xe6
0000            119   _EIE2           DATA 0xf3
0000            120   _EIP1           DATA 0xbb
0000            121   _EIP1H          DATA 0xee
0000            122   _EIP2           DATA 0xed
0000            123   _EIP2H          DATA 0xf6
0000            124   _EMI0CN         DATA 0xe7
0000            125   _FLKEY          DATA 0xb7
0000            126   _HFO0CAL        DATA 0xc7
0000            127   _HFO1CAL        DATA 0xd6
0000            128   _HFOCN          DATA 0xef
0000            129   _I2C0ADM        DATA 0xff
0000            130   _I2C0CN0        DATA 0xba
0000            131   _I2C0DIN        DATA 0xbc
0000            132   _I2C0DOUT       DATA 0xbb
0000            133   _I2C0FCN0       DATA 0xad
0000            134   _I2C0FCN1       DATA 0xab
0000            135   _I2C0FCT        DATA 0xf5
0000            136   _I2C0SLAD       DATA 0xbd
0000            137   _I2C0STAT       DATA 0xb9
0000            138   _IE             DATA 0xa8
0000            139   _IP             DATA 0xb8
0000            140   _IPH            DATA 0xf2
0000            141   _IT01CF         DATA 0xe4
0000            142   _LFO0CN         DATA 0xb1
0000            143   _P0             DATA 0x80
0000            144   _P0MASK         DATA 0xfe
0000            145   _P0MAT          DATA 0xfd
0000            146   _P0MDIN         DATA 0xf1
0000            147   _P0MDOUT        DATA 0xa4
0000            148   _P0SKIP         DATA 0xd4
0000            149   _P1             DATA 0x90
0000            150   _P1MASK         DATA 0xee
0000            151   _P1MAT          DATA 0xed
0000            152   _P1MDIN         DATA 0xf2
0000            153   _P1MDOUT        DATA 0xa5
0000            154   _P1SKIP         DATA 0xd5
0000            155   _P2             DATA 0xa0
0000            156   _P2MASK         DATA 0xfc
0000            157   _P2MAT          DATA 0xfb
0000            158   _P2MDIN         DATA 0xf3
0000            159   _P2MDOUT        DATA 0xa6
0000            160   _P2SKIP         DATA 0xcc
0000            161   _P3             DATA 0xb0
0000            162   _P3MDIN         DATA 0xf4
0000            163   _P3MDOUT        DATA 0x9c
0000            164   _PCA0CENT       DATA 0x9e
0000            165   _PCA0CLR        DATA 0x9c
0000            166   _PCA0CN0        DATA 0xd8
0000            167   _PCA0CPH0       DATA 0xfc
0000            168   _PCA0CPH1       DATA 0xea
0000            169   _PCA0CPH2       DATA 0xec
0000            170   _PCA0CPH3       DATA 0xf5
0000            171   _PCA0CPH4       DATA 0x85
0000            172   _PCA0CPH5       DATA 0xde
0000            173   _PCA0CPL0       DATA 0xfb
0000            174   _PCA0CPL1       DATA 0xe9
0000            175   _PCA0CPL2       DATA 0xeb
0000            176   _PCA0CPL3       DATA 0xf4
0000            177   _PCA0CPL4       DATA 0x84
0000            178   _PCA0CPL5       DATA 0xdd
0000            179   _PCA0CPM0       DATA 0xda
0000            180   _PCA0CPM1       DATA 0xdb
0000            181   _PCA0CPM2       DATA 0xdc
0000            182   _PCA0CPM3       DATA 0xae
0000            183   _PCA0CPM4       DATA 0xaf
0000            184   _PCA0CPM5       DATA 0xcc
0000            185   _PCA0H          DATA 0xfa
0000            186   _PCA0L          DATA 0xf9
0000            187   _PCA0MD         DATA 0xd9
0000            188   _PCA0POL        DATA 0x96
0000            189   _PCA0PWM        DATA 0xf7
0000            190   _PCON0          DATA 0x87
0000            191   _PCON1          DATA 0xcd
0000            192   _PFE0CN         DATA 0xc1
0000            193   _PRTDRV         DATA 0xf6
0000            194   _PSCTL          DATA 0x8f
0000            195   _PSTAT0         DATA 0xaa
0000            196   _PSW            DATA 0xd0
0000            197   _REF0CN         DATA 0xd1
0000            198   _REG0CN         DATA 0xc9
0000            199   _REVID          DATA 0xb6
0000            200   _RSTSRC         DATA 0xef
0000            201   _SBCON1         DATA 0x94
0000            202   _SBRLH1         DATA 0x96
0000            203   _SBRLL1         DATA 0x95
0000            204   _SBUF           DATA 0x99
0000            205   _SBUF0          DATA 0x99
0000            206   _SBUF1          DATA 0x92
0000            207   _SCON           DATA 0x98
0000            208   _SCON0          DATA 0x98
0000            209   _SCON1          DATA 0xc8
0000            210   _SFRPAGE        DATA 0xa7
0000            211   _SFRPGCN        DATA 0xbc
0000            212   _SFRSTACK       DATA 0xd7
0000            213   _SMB0ADM        DATA 0xd6
0000            214   _SMB0ADR        DATA 0xd7
0000            215   _SMB0CF         DATA 0xc1
0000            216   _SMB0CN0        DATA 0xc0
0000            217   _SMB0DAT        DATA 0xc2
0000            218   _SMB0FCN0       DATA 0xc3
0000            219   _SMB0FCN1       DATA 0xc4
0000            220   _SMB0FCT        DATA 0xef
0000            221   _SMB0RXLN       DATA 0xc5
0000            222   _SMB0TC         DATA 0xac
0000            223   _SMOD1          DATA 0x93
0000            224   _SP             DATA 0x81
0000            225   _SPI0CFG        DATA 0xa1
0000            226   _SPI0CKR        DATA 0xa2
0000            227   _SPI0CN0        DATA 0xf8
0000            228   _SPI0DAT        DATA 0xa3
0000            229   _SPI0FCN0       DATA 0x9a
0000            230   _SPI0FCN1       DATA 0x9b
0000            231   _SPI0FCT        DATA 0xf7
0000            232   _SPI0PCF        DATA 0xdf
0000            233   _TCON           DATA 0x88
0000            234   _TH0            DATA 0x8c
0000            235   _TH1            DATA 0x8d
0000            236   _TL0            DATA 0x8a
0000            237   _TL1            DATA 0x8b
0000            238   _TMOD           DATA 0x89
0000            239   _TMR2CN0        DATA 0xc8
0000            240   _TMR2CN1        DATA 0xfd
0000            241   _TMR2H          DATA 0xcf
0000            242   _TMR2L          DATA 0xce
0000            243   _TMR2RLH        DATA 0xcb
0000            244   _TMR2RLL        DATA 0xca
0000            245   _TMR3CN0        DATA 0x91
0000            246   _TMR3CN1        DATA 0xfe
0000            247   _TMR3H          DATA 0x95
0000            248   _TMR3L          DATA 0x94
0000            249   _TMR3RLH        DATA 0x93
0000            250   _TMR3RLL        DATA 0x92
0000            251   _TMR4CN0        DATA 0x98
0000            252   _TMR4CN1        DATA 0xff
0000            253   _TMR4H          DATA 0xa5
0000            254   _TMR4L          DATA 0xa4
0000            255   _TMR4RLH        DATA 0xa3
0000            256   _TMR4RLL        DATA 0xa2
0000            257   _TMR5CN0        DATA 0xc0
0000            258   _TMR5CN1        DATA 0xf1
0000            259   _TMR5H          DATA 0xd5
0000            260   _TMR5L          DATA 0xd4
0000            261   _TMR5RLH        DATA 0xd3
0000            262   _TMR5RLL        DATA 0xd2
0000            263   _UART0PCF       DATA 0xd9
0000            264   _UART1FCN0      DATA 0x9d
0000            265   _UART1FCN1      DATA 0xd8
0000            266   _UART1FCT       DATA 0xfa
0000            267   _UART1LIN       DATA 0x9e
0000            268   _UART1PCF       DATA 0xda
0000            269   _VDM0CN         DATA 0xff
0000            270   _WDTCN          DATA 0x97
0000            271   _XBR0           DATA 0xe1
0000            272   _XBR1           DATA 0xe2
0000            273   _XBR2           DATA 0xe3
0000            274   _XOSC0CN        DATA 0x86
0000            275   _DPTR           DATA 0x8382
0000            276   _TMR2RL         DATA 0xcbca
0000            277   _TMR3RL         DATA 0x9392
0000            278   _TMR4RL         DATA 0xa3a2
0000            279   _TMR5RL         DATA 0xd3d2
0000            280   _TMR0           DATA 0x8c8a
0000            281   _TMR1           DATA 0x8d8b
0000            282   _TMR2           DATA 0xcfce
0000            283   _TMR3           DATA 0x9594
0000            284   _TMR4           DATA 0xa5a4
0000            285   _TMR5           DATA 0xd5d4
0000            286   _SBRL1          DATA 0x9695
0000            287   _PCA0           DATA 0xfaf9
0000            288   _PCA0CP0        DATA 0xfcfb
0000            289   _PCA0CP1        DATA 0xeae9
0000            290   _PCA0CP2        DATA 0xeceb
0000            291   _PCA0CP3        DATA 0xf5f4
0000            292   _PCA0CP4        DATA 0x8584
0000            293   _PCA0CP5        DATA 0xdedd
0000            294   _ADC0ASA        DATA 0xb6b5
0000            295   _ADC0GT         DATA 0xc4c3
0000            296   _ADC0           DATA 0xbebd
0000            297   _ADC0LT         DATA 0xc6c5
0000            298   _DAC0           DATA 0x8584
0000            299   _DAC1           DATA 0x8a89
0000            300   _DAC2           DATA 0x8c8b
0000            301   _DAC3           DATA 0x8e8d
0000            302   ;--------------------------------------------------------
0000            303   ; special function bits
0000            304   ;--------------------------------------------------------
0000            305   _ACC_0          BIT 0xe0
0000            306   _ACC_1          BIT 0xe1
0000            307   _ACC_2          BIT 0xe2
0000            308   _ACC_3          BIT 0xe3
0000            309   _ACC_4          BIT 0xe4
0000            310   _ACC_5          BIT 0xe5
0000            311   _ACC_6          BIT 0xe6
0000            312   _ACC_7          BIT 0xe7
0000            313   _TEMPE          BIT 0xe8
0000            314   _ADGN0          BIT 0xe9
0000            315   _ADGN1          BIT 0xea
0000            316   _ADWINT         BIT 0xeb
0000            317   _ADBUSY         BIT 0xec
0000            318   _ADINT          BIT 0xed
0000            319   _IPOEN          BIT 0xee
0000            320   _ADEN           BIT 0xef
0000            321   _B_0            BIT 0xf0
0000            322   _B_1            BIT 0xf1
0000            323   _B_2            BIT 0xf2
0000            324   _B_3            BIT 0xf3
0000            325   _B_4            BIT 0xf4
0000            326   _B_5            BIT 0xf5
0000            327   _B_6            BIT 0xf6
0000            328   _B_7            BIT 0xf7
0000            329   _C0FIF          BIT 0xe8
0000            330   _C0RIF          BIT 0xe9
0000            331   _C1FIF          BIT 0xea
0000            332   _C1RIF          BIT 0xeb
0000            333   _C2FIF          BIT 0xec
0000            334   _C2RIF          BIT 0xed
0000            335   _C3FIF          BIT 0xee
0000            336   _C3RIF          BIT 0xef
0000            337   _D1SRC0         BIT 0x88
0000            338   _D1SRC1         BIT 0x89
0000            339   _D1AMEN         BIT 0x8a
0000            340   _D01REFSL       BIT 0x8b
0000            341   _D3SRC0         BIT 0x8c
0000            342   _D3SRC1         BIT 0x8d
0000            343   _D3AMEN         BIT 0x8e
0000            344   _D23REFSL       BIT 0x8f
0000            345   _D0UDIS         BIT 0x98
0000            346   _D1UDIS         BIT 0x99
0000            347   _D2UDIS         BIT 0x9a
0000            348   _D3UDIS         BIT 0x9b
0000            349   _EX0            BIT 0xa8
0000            350   _ET0            BIT 0xa9
0000            351   _EX1            BIT 0xaa
0000            352   _ET1            BIT 0xab
0000            353   _ES0            BIT 0xac
0000            354   _ET2            BIT 0xad
0000            355   _ESPI0          BIT 0xae
0000            356   _EA             BIT 0xaf
0000            357   _PX0            BIT 0xb8
0000            358   _PT0            BIT 0xb9
0000            359   _PX1            BIT 0xba
0000            360   _PT1            BIT 0xbb
0000            361   _PS0            BIT 0xbc
0000            362   _PT2            BIT 0xbd
0000            363   _PSPI0          BIT 0xbe
0000            364   _P0_0           BIT 0x80
0000            365   _P0_1           BIT 0x81
0000            366   _P0_2           BIT 0x82
0000            367   _P0_3           BIT 0x83
0000            368   _P0_4           BIT 0x84
0000            369   _P0_5           BIT 0x85
0000            370   _P0_6           BIT 0x86
0000            371   _P0_7           BIT 0x87
0000            372   _P1_0           BIT 0x90
0000            373   _P1_1           BIT 0x91
0000            374   _P1_2           BIT 0x92
0000            375   _P1_3           BIT 0x93
0000            376   _P1_4           BIT 0x94
0000            377   _P1_5           BIT 0x95
0000            378   _P1_6           BIT 0x96
0000            379   _P1_7           BIT 0x97
0000            380   _P2_0           BIT 0xa0
0000            381   _P2_1           BIT 0xa1
0000            382   _P2_2           BIT 0xa2
0000            383   _P2_3           BIT 0xa3
0000            384   _P2_4           BIT 0xa4
0000            385   _P2_5           BIT 0xa5
0000            386   _P2_6           BIT 0xa6
0000            387   _P3_0           BIT 0xb0
0000            388   _P3_1           BIT 0xb1
0000            389   _P3_2           BIT 0xb2
0000            390   _P3_3           BIT 0xb3
0000            391   _P3_4           BIT 0xb4
0000            392   _P3_7           BIT 0xb7
0000            393   _CCF0           BIT 0xd8
0000            394   _CCF1           BIT 0xd9
0000            395   _CCF2           BIT 0xda
0000            396   _CCF3           BIT 0xdb
0000            397   _CCF4           BIT 0xdc
0000            398   _CCF5           BIT 0xdd
0000            399   _CR             BIT 0xde
0000            400   _CF             BIT 0xdf
0000            401   _PARITY         BIT 0xd0
0000            402   _F1             BIT 0xd1
0000            403   _OV             BIT 0xd2
0000            404   _RS0            BIT 0xd3
0000            405   _RS1            BIT 0xd4
0000            406   _F0             BIT 0xd5
0000            407   _AC             BIT 0xd6
0000            408   _CY             BIT 0xd7
0000            409   _RI             BIT 0x98
0000            410   _TI             BIT 0x99
0000            411   _RB8            BIT 0x9a
0000            412   _TB8            BIT 0x9b
0000            413   _REN            BIT 0x9c
0000            414   _CE             BIT 0x9d
0000            415   _SMODE          BIT 0x9e
0000            416   _RI1            BIT 0xc8
0000            417   _TI1            BIT 0xc9
0000            418   _RBX1           BIT 0xca
0000            419   _TBX1           BIT 0xcb
0000            420   _REN1           BIT 0xcc
0000            421   _PERR1          BIT 0xcd
0000            422   _OVR1           BIT 0xce
0000            423   _SI             BIT 0xc0
0000            424   _ACK            BIT 0xc1
0000            425   _ARBLOST        BIT 0xc2
0000            426   _ACKRQ          BIT 0xc3
0000            427   _STO            BIT 0xc4
0000            428   _STA            BIT 0xc5
0000            429   _TXMODE         BIT 0xc6
0000            430   _MASTER         BIT 0xc7
0000            431   _SPIEN          BIT 0xf8
0000            432   _TXNF           BIT 0xf9
0000            433   _NSSMD0         BIT 0xfa
0000            434   _NSSMD1         BIT 0xfb
0000            435   _RXOVRN         BIT 0xfc
0000            436   _MODF           BIT 0xfd
0000            437   _WCOL           BIT 0xfe
0000            438   _SPIF           BIT 0xff
0000            439   _IT0            BIT 0x88
0000            440   _IE0            BIT 0x89
0000            441   _IT1            BIT 0x8a
0000            442   _IE1            BIT 0x8b
0000            443   _TR0            BIT 0x8c
0000            444   _TF0            BIT 0x8d
0000            445   _TR1            BIT 0x8e
0000            446   _TF1            BIT 0x8f
0000            447   _T2XCLK0        BIT 0xc8
0000            448   _T2XCLK1        BIT 0xc9
0000            449   _TR2            BIT 0xca
0000            450   _T2SPLIT        BIT 0xcb
0000            451   _TF2CEN         BIT 0xcc
0000            452   _TF2LEN         BIT 0xcd
0000            453   _TF2L           BIT 0xce
0000            454   _TF2H           BIT 0xcf
0000            455   _T4XCLK0        BIT 0x98
0000            456   _T4XCLK1        BIT 0x99
0000            457   _TR4            BIT 0x9a
0000            458   _T4SPLIT        BIT 0x9b
0000            459   _TF4CEN         BIT 0x9c
0000            460   _TF4LEN         BIT 0x9d
0000            461   _TF4L           BIT 0x9e
0000            462   _TF4H           BIT 0x9f
0000            463   _T5XCLK0        BIT 0xc0
0000            464   _T5XCLK1        BIT 0xc1
0000            465   _TR5            BIT 0xc2
0000            466   _T5SPLIT        BIT 0xc3
0000            467   _TF5CEN         BIT 0xc4
0000            468   _TF5LEN         BIT 0xc5
0000            469   _TF5L           BIT 0xc6
0000            470   _TF5H           BIT 0xc7
0000            471   _RIE            BIT 0xd8
0000            472   _RXTO0          BIT 0xd9
0000            473   _RXTO1          BIT 0xda
0000            474   _RFRQ           BIT 0xdb
0000            475   _TIE            BIT 0xdc
0000            476   _TXHOLD         BIT 0xdd
0000            477   _TXNF1          BIT 0xde
0000            478   _TFRQ           BIT 0xdf
0000            479   ;--------------------------------------------------------
0000            480   ; overlayable register banks
0000            481   ;--------------------------------------------------------
0000            482            rbank0 segment data overlay
0000            483   ;--------------------------------------------------------
0000            484   ; internal ram data
0000            485   ;--------------------------------------------------------
0000            486            rseg R_DSEG
0000            487   _overflow_count:
0000            488            ds 1
0001            489   _main_v_1_63:
0001            490            ds 8
0009            491   ;--------------------------------------------------------
0009            492   ; overlayable items in internal ram 
0009            493   ;--------------------------------------------------------
0000            494            rseg    R_OSEG
0000            495            rseg    R_OSEG
0000            496   _InitPinADC_PARM_2:
0000            497            ds 1
0001            498            rseg    R_OSEG
0001            499   ;--------------------------------------------------------
0001            500   ; indirectly addressable internal ram data
0001            501   ;--------------------------------------------------------
0000            502            rseg R_ISEG
0000            503   ;--------------------------------------------------------
0000            504   ; absolute internal ram data
0000            505   ;--------------------------------------------------------
0000            506            DSEG
0000            507   ;--------------------------------------------------------
0000            508   ; bit data
0000            509   ;--------------------------------------------------------
0000            510            rseg R_BSEG
0000            511   ;--------------------------------------------------------
0000            512   ; paged external ram data
0000            513   ;--------------------------------------------------------
0000            514            rseg R_PSEG
0000            515   ;--------------------------------------------------------
0000            516   ; external ram data
0000            517   ;--------------------------------------------------------
0000            518            rseg R_XSEG
0000            519   ;--------------------------------------------------------
0000            520   ; absolute external ram data
0000            521   ;--------------------------------------------------------
0000            522            XSEG
0000            523   ;--------------------------------------------------------
0000            524   ; external initialized ram data
0000            525   ;--------------------------------------------------------
0000            526            rseg R_IXSEG
0000            527            rseg R_HOME
0000            528            rseg R_GSINIT
0000            529            rseg R_CSEG
0000            530   ;--------------------------------------------------------
0000            531   ; Reset entry point and interrupt vectors
0000            532   ;--------------------------------------------------------
0000            533            CSEG at 0x0000
0000 020000     534            ljmp    _crt0
0003            535   ;--------------------------------------------------------
0003            536   ; global & static initialisations
0003            537   ;--------------------------------------------------------
0000            538            rseg R_HOME
0000            539            rseg R_GSINIT
0000            540            rseg R_GSINIT
0000            541   ;--------------------------------------------------------
0000            542   ; data variables initialization
0000            543   ;--------------------------------------------------------
0000            544            rseg R_DINIT
0000            545            ; The linker places a 'ret' at the end of segment R_DINIT.
0000            546   ;--------------------------------------------------------
0000            547   ; code
0000            548   ;--------------------------------------------------------
0000            549            rseg R_CSEG
0000            550   ;------------------------------------------------------------
0000            551   ;Allocation info for local variables in function '_c51_external_startup'
0000            552   ;------------------------------------------------------------
0000            553   ;------------------------------------------------------------
0000            554   ;        C:\Users\qiuyu\OneDrive\Documents\GitHub\LAB5\Yuhan_Yuqian_lab5.c:19: char _c51_external_startup (void)
0000            555   ;        -----------------------------------------
0000            556   ;         function _c51_external_startup
0000            557   ;        -----------------------------------------
0000            558   __c51_external_startup:
0000            559            using   0
0000            560   ;        C:\Users\qiuyu\OneDrive\Documents\GitHub\LAB5\Yuhan_Yuqian_lab5.c:22: SFRPAGE = 0x00;
0000 75A700     561            mov     _SFRPAGE,#0x00
0003            562   ;        C:\Users\qiuyu\OneDrive\Documents\GitHub\LAB5\Yuhan_Yuqian_lab5.c:23: WDTCN = 0xDE; //First key
0003 7597DE     563            mov     _WDTCN,#0xDE
0006            564   ;        C:\Users\qiuyu\OneDrive\Documents\GitHub\LAB5\Yuhan_Yuqian_lab5.c:24: WDTCN = 0xAD; //Second key
0006 7597AD     565            mov     _WDTCN,#0xAD
0009            566   ;        C:\Users\qiuyu\OneDrive\Documents\GitHub\LAB5\Yuhan_Yuqian_lab5.c:26: VDM0CN=0x80;       // enable VDD monitor
0009 75FF80     567            mov     _VDM0CN,#0x80
000C            568   ;        C:\Users\qiuyu\OneDrive\Documents\GitHub\LAB5\Yuhan_Yuqian_lab5.c:27: RSTSRC=0x02|0x04;  // Enable reset on missing clock detector and VDD
000C 75EF06     569            mov     _RSTSRC,#0x06
000F            570   ;        C:\Users\qiuyu\OneDrive\Documents\GitHub\LAB5\Yuhan_Yuqian_lab5.c:34: SFRPAGE = 0x10;
000F 75A710     571            mov     _SFRPAGE,#0x10
0012            572   ;        C:\Users\qiuyu\OneDrive\Documents\GitHub\LAB5\Yuhan_Yuqian_lab5.c:35: PFE0CN  = 0x20; // SYSCLK < 75 MHz.
0012 75C120     573            mov     _PFE0CN,#0x20
0015            574   ;        C:\Users\qiuyu\OneDrive\Documents\GitHub\LAB5\Yuhan_Yuqian_lab5.c:36: SFRPAGE = 0x00;
0015 75A700     575            mov     _SFRPAGE,#0x00
0018            576   ;        C:\Users\qiuyu\OneDrive\Documents\GitHub\LAB5\Yuhan_Yuqian_lab5.c:57: CLKSEL = 0x00;
0018 75A900     577            mov     _CLKSEL,#0x00
001B            578   ;        C:\Users\qiuyu\OneDrive\Documents\GitHub\LAB5\Yuhan_Yuqian_lab5.c:58: CLKSEL = 0x00;
001B 75A900     579            mov     _CLKSEL,#0x00
001E            580   ;        C:\Users\qiuyu\OneDrive\Documents\GitHub\LAB5\Yuhan_Yuqian_lab5.c:59: while ((CLKSEL & 0x80) == 0);
001E            581   L002001?:
001E E5A9       582            mov     a,_CLKSEL
0020 30E798     583            jnb     acc.7,L002001?
0023            584   ;        C:\Users\qiuyu\OneDrive\Documents\GitHub\LAB5\Yuhan_Yuqian_lab5.c:60: CLKSEL = 0x03;
0023 75A903     585            mov     _CLKSEL,#0x03
0026            586   ;        C:\Users\qiuyu\OneDrive\Documents\GitHub\LAB5\Yuhan_Yuqian_lab5.c:61: CLKSEL = 0x03;
0026 75A903     587            mov     _CLKSEL,#0x03
0029            588   ;        C:\Users\qiuyu\OneDrive\Documents\GitHub\LAB5\Yuhan_Yuqian_lab5.c:62: while ((CLKSEL & 0x80) == 0);
0029            589   L002004?:
0029 E5A9       590            mov     a,_CLKSEL
002B 30E718     591            jnb     acc.7,L002004?
002E            592   ;        C:\Users\qiuyu\OneDrive\Documents\GitHub\LAB5\Yuhan_Yuqian_lab5.c:67: P0MDOUT |= 0x10; // Enable UART0 TX as push-pull output
002E 43A410     593            orl     _P0MDOUT,#0x10
0031            594   ;        C:\Users\qiuyu\OneDrive\Documents\GitHub\LAB5\Yuhan_Yuqian_lab5.c:68: XBR0     = 0x01; // Enable UART0 on P0.4(TX) and P0.5(RX)                     
0031 75E101     595            mov     _XBR0,#0x01
0034            596   ;        C:\Users\qiuyu\OneDrive\Documents\GitHub\LAB5\Yuhan_Yuqian_lab5.c:69: XBR1     = 0X00;
0034 75E200     597            mov     _XBR1,#0x00
0037            598   ;        C:\Users\qiuyu\OneDrive\Documents\GitHub\LAB5\Yuhan_Yuqian_lab5.c:70: XBR2     = 0x40; // Enable crossbar and weak pull-ups
0037 75E340     599            mov     _XBR2,#0x40
003A            600   ;        C:\Users\qiuyu\OneDrive\Documents\GitHub\LAB5\Yuhan_Yuqian_lab5.c:76: SCON0 = 0x10;
003A 759810     601            mov     _SCON0,#0x10
003D            602   ;        C:\Users\qiuyu\OneDrive\Documents\GitHub\LAB5\Yuhan_Yuqian_lab5.c:77: CKCON0 |= 0b_0000_0000 ; // Timer 1 uses the system clock divided by 12.
003D 858E8E     603            mov     _CKCON0,_CKCON0
0040            604   ;        C:\Users\qiuyu\OneDrive\Documents\GitHub\LAB5\Yuhan_Yuqian_lab5.c:79: TH1 = 0x100-((SYSCLK/BAUDRATE)/(2L*12L));
0040 758DE6     605            mov     _TH1,#0xE6
0043            606   ;        C:\Users\qiuyu\OneDrive\Documents\GitHub\LAB5\Yuhan_Yuqian_lab5.c:80: TL1 = TH1;      // Init Timer1
0043 858D8B     607            mov     _TL1,_TH1
0046            608   ;        C:\Users\qiuyu\OneDrive\Documents\GitHub\LAB5\Yuhan_Yuqian_lab5.c:81: TMOD &= ~0xf0;  // TMOD: timer 1 in 8-bit auto-reload
0046 53890F     609            anl     _TMOD,#0x0F
0049            610   ;        C:\Users\qiuyu\OneDrive\Documents\GitHub\LAB5\Yuhan_Yuqian_lab5.c:82: TMOD |=  0x20;                       
0049 438920     611            orl     _TMOD,#0x20
004C            612   ;        C:\Users\qiuyu\OneDrive\Documents\GitHub\LAB5\Yuhan_Yuqian_lab5.c:83: TR1 = 1; // START Timer1
004C D28E       613            setb    _TR1
004E            614   ;        C:\Users\qiuyu\OneDrive\Documents\GitHub\LAB5\Yuhan_Yuqian_lab5.c:84: TI = 1;  // Indicate TX0 ready
004E D299       615            setb    _TI
0050            616   ;        C:\Users\qiuyu\OneDrive\Documents\GitHub\LAB5\Yuhan_Yuqian_lab5.c:86: return 0;
0050 758200     617            mov     dpl,#0x00
0053 22         618            ret
0054            619   ;------------------------------------------------------------
0054            620   ;Allocation info for local variables in function 'InitADC'
0054            621   ;------------------------------------------------------------
0054            622   ;------------------------------------------------------------
0054            623   ;        C:\Users\qiuyu\OneDrive\Documents\GitHub\LAB5\Yuhan_Yuqian_lab5.c:89: void InitADC (void)
0054            624   ;        -----------------------------------------
0054            625   ;         function InitADC
0054            626   ;        -----------------------------------------
0054            627   _InitADC:
0054            628   ;        C:\Users\qiuyu\OneDrive\Documents\GitHub\LAB5\Yuhan_Yuqian_lab5.c:91: SFRPAGE = 0x00;
0054 75A700     629            mov     _SFRPAGE,#0x00
0057            630   ;        C:\Users\qiuyu\OneDrive\Documents\GitHub\LAB5\Yuhan_Yuqian_lab5.c:92: ADEN=0; // Disable ADC
0057 C2EF       631            clr     _ADEN
0059            632   ;        C:\Users\qiuyu\OneDrive\Documents\GitHub\LAB5\Yuhan_Yuqian_lab5.c:97: (0x0 << 0) ; // Accumulate n conversions: 0x0: 1, 0x1:4, 0x2:8, 0x3:16, 0x4:32
0059 75B280     633            mov     _ADC0CN1,#0x80
005C            634   ;        C:\Users\qiuyu\OneDrive\Documents\GitHub\LAB5\Yuhan_Yuqian_lab5.c:101: (0x0 << 2); // 0:SYSCLK ADCCLK = SYSCLK. 1:HFOSC0 ADCCLK = HFOSC0.
005C 75BC20     635            mov     _ADC0CF0,#0x20
005F            636   ;        C:\Users\qiuyu\OneDrive\Documents\GitHub\LAB5\Yuhan_Yuqian_lab5.c:105: (0x1E << 0); // Conversion Tracking Time. Tadtk = ADTK / (Fsarclk)
005F 75B91E     637            mov     _ADC0CF1,#0x1E
0062            638   ;        C:\Users\qiuyu\OneDrive\Documents\GitHub\LAB5\Yuhan_Yuqian_lab5.c:114: (0x0 << 0) ; // TEMPE. 0: Disable the Temperature Sensor. 1: Enable the Temperature Sensor.
0062 75E800     639            mov     _ADC0CN0,#0x00
0065            640   ;        C:\Users\qiuyu\OneDrive\Documents\GitHub\LAB5\Yuhan_Yuqian_lab5.c:119: (0x1F << 0); // ADPWR. Power Up Delay Time. Tpwrtime = ((4 * (ADPWR + 1)) + 2) / (Fadcclk)
0065 75DF3F     641            mov     _ADC0CF2,#0x3F
0068            642   ;        C:\Users\qiuyu\OneDrive\Documents\GitHub\LAB5\Yuhan_Yuqian_lab5.c:123: (0x0 << 0) ; // ADCM. 0x0: ADBUSY, 0x1: TIMER0, 0x2: TIMER2, 0x3: TIMER3, 0x4: CNVSTR, 0x5: CEX5, 0x6: TIMER4, 0x7: TIMER5, 0x8: CLU0, 0x9: CLU1, 0xA: CLU2, 0xB: CLU3
0068 75B300     643            mov     _ADC0CN2,#0x00
006B            644   ;        C:\Users\qiuyu\OneDrive\Documents\GitHub\LAB5\Yuhan_Yuqian_lab5.c:125: ADEN=1; // Enable ADC
006B D2EF       645            setb    _ADEN
006D 22         646            ret
006E            647   ;------------------------------------------------------------
006E            648   ;Allocation info for local variables in function 'Timer3us'
006E            649   ;------------------------------------------------------------
006E            650   ;us                        Allocated to registers r2 
006E            651   ;i                         Allocated to registers r3 
006E            652   ;------------------------------------------------------------
006E            653   ;        C:\Users\qiuyu\OneDrive\Documents\GitHub\LAB5\Yuhan_Yuqian_lab5.c:129: void Timer3us(unsigned char us)
006E            654   ;        -----------------------------------------
006E            655   ;         function Timer3us
006E            656   ;        -----------------------------------------
006E            657   _Timer3us:
006E AA82       658            mov     r2,dpl
0070            659   ;        C:\Users\qiuyu\OneDrive\Documents\GitHub\LAB5\Yuhan_Yuqian_lab5.c:134: CKCON0|=0b_0100_0000;
0070 438E40     660            orl     _CKCON0,#0x40
0073            661   ;        C:\Users\qiuyu\OneDrive\Documents\GitHub\LAB5\Yuhan_Yuqian_lab5.c:136: TMR3RL = (-(SYSCLK)/1000000L); // Set Timer3 to overflow in 1us.
0073 7592B8     662            mov     _TMR3RL,#0xB8
0076 7593FF     663            mov     (_TMR3RL >> 8),#0xFF
0079            664   ;        C:\Users\qiuyu\OneDrive\Documents\GitHub\LAB5\Yuhan_Yuqian_lab5.c:137: TMR3 = TMR3RL;                 // Initialize Timer3 for first overflow
0079 859294     665            mov     _TMR3,_TMR3RL
007C 859395     666            mov     (_TMR3 >> 8),(_TMR3RL >> 8)
007F            667   ;        C:\Users\qiuyu\OneDrive\Documents\GitHub\LAB5\Yuhan_Yuqian_lab5.c:139: TMR3CN0 = 0x04;                 // Sart Timer3 and clear overflow flag
007F 759104     668            mov     _TMR3CN0,#0x04
0082            669   ;        C:\Users\qiuyu\OneDrive\Documents\GitHub\LAB5\Yuhan_Yuqian_lab5.c:140: for (i = 0; i < us; i++)       // Count <us> overflows
0082 7B00       670            mov     r3,#0x00
0084            671   L004004?:
0084 C3         672            clr     c
0085 EB         673            mov     a,r3
0086 9A         674            subb    a,r2
0087 5000       675            jnc     L004007?
0089            676   ;        C:\Users\qiuyu\OneDrive\Documents\GitHub\LAB5\Yuhan_Yuqian_lab5.c:142: while (!(TMR3CN0 & 0x80));  // Wait for overflow
0089            677   L004001?:
0089 E591       678            mov     a,_TMR3CN0
008B 30E718     679            jnb     acc.7,L004001?
008E            680   ;        C:\Users\qiuyu\OneDrive\Documents\GitHub\LAB5\Yuhan_Yuqian_lab5.c:143: TMR3CN0 &= ~(0x80);         // Clear overflow indicator
008E 53917F     681            anl     _TMR3CN0,#0x7F
0091            682   ;        C:\Users\qiuyu\OneDrive\Documents\GitHub\LAB5\Yuhan_Yuqian_lab5.c:140: for (i = 0; i < us; i++)       // Count <us> overflows
0091 0B         683            inc     r3
0092 8000       684            sjmp    L004004?
0094            685   L004007?:
0094            686   ;        C:\Users\qiuyu\OneDrive\Documents\GitHub\LAB5\Yuhan_Yuqian_lab5.c:145: TMR3CN0 = 0 ;                   // Stop Timer3 and clear overflow flag
0094 759100     687            mov     _TMR3CN0,#0x00
0097 22         688            ret
0098            689   ;------------------------------------------------------------
0098            690   ;Allocation info for local variables in function 'waitms'
0098            691   ;------------------------------------------------------------
0098            692   ;ms                        Allocated to registers r2 r3 
0098            693   ;j                         Allocated to registers r4 r5 
0098            694   ;k                         Allocated to registers r6 
0098            695   ;------------------------------------------------------------
0098            696   ;        C:\Users\qiuyu\OneDrive\Documents\GitHub\LAB5\Yuhan_Yuqian_lab5.c:148: void waitms (unsigned int ms)
0098            697   ;        -----------------------------------------
0098            698   ;         function waitms
0098            699   ;        -----------------------------------------
0098            700   _waitms:
0098 AA82       701            mov     r2,dpl
009A AB83       702            mov     r3,dph
009C            703   ;        C:\Users\qiuyu\OneDrive\Documents\GitHub\LAB5\Yuhan_Yuqian_lab5.c:152: for(j=0; j<ms; j++)
009C 7C00       704            mov     r4,#0x00
009E 7D00       705            mov     r5,#0x00
00A0            706   L005005?:
00A0 C3         707            clr     c
00A1 EC         708            mov     a,r4
00A2 9A         709            subb    a,r2
00A3 ED         710            mov     a,r5
00A4 9B         711            subb    a,r3
00A5 5000       712            jnc     L005009?
00A7            713   ;        C:\Users\qiuyu\OneDrive\Documents\GitHub\LAB5\Yuhan_Yuqian_lab5.c:153: for (k=0; k<4; k++) Timer3us(250);
00A7 7E00       714            mov     r6,#0x00
00A9            715   L005001?:
00A9 BE0458     716            cjne    r6,#0x04,L005018?
00AC            717   L005018?:
00AC 5000       718            jnc     L005007?
00AE 7582FA     719            mov     dpl,#0xFA
00B1 C002       720            push    ar2
00B3 C003       721            push    ar3
00B5 C004       722            push    ar4
00B7 C005       723            push    ar5
00B9 C006       724            push    ar6
00BB 120000     725            lcall   _Timer3us
00BE D006       726            pop     ar6
00C0 D005       727            pop     ar5
00C2 D004       728            pop     ar4
00C4 D003       729            pop     ar3
00C6 D002       730            pop     ar2
00C8 0E         731            inc     r6
00C9 8000       732            sjmp    L005001?
00CB            733   L005007?:
00CB            734   ;        C:\Users\qiuyu\OneDrive\Documents\GitHub\LAB5\Yuhan_Yuqian_lab5.c:152: for(j=0; j<ms; j++)
00CB 0C         735            inc     r4
00CC BC0098     736            cjne    r4,#0x00,L005005?
00CF 0D         737            inc     r5
00D0 8000       738            sjmp    L005005?
00D2            739   L005009?:
00D2 22         740            ret
00D3            741   ;------------------------------------------------------------
00D3            742   ;Allocation info for local variables in function 'TIMER0_Init'
00D3            743   ;------------------------------------------------------------
00D3            744   ;------------------------------------------------------------
00D3            745   ;        C:\Users\qiuyu\OneDrive\Documents\GitHub\LAB5\Yuhan_Yuqian_lab5.c:158: void TIMER0_Init(void)
00D3            746   ;        -----------------------------------------
00D3            747   ;         function TIMER0_Init
00D3            748   ;        -----------------------------------------
00D3            749   _TIMER0_Init:
00D3            750   ;        C:\Users\qiuyu\OneDrive\Documents\GitHub\LAB5\Yuhan_Yuqian_lab5.c:160: TMOD&=0b_1111_0000; // Set the bits of Timer/Counter 0 to zero
00D3 5389F0     751            anl     _TMOD,#0xF0
00D6            752   ;        C:\Users\qiuyu\OneDrive\Documents\GitHub\LAB5\Yuhan_Yuqian_lab5.c:161: TMOD|=0b_0000_0001; // Timer/Counter 0 used as a 16-bit timer
00D6 438901     753            orl     _TMOD,#0x01
00D9            754   ;        C:\Users\qiuyu\OneDrive\Documents\GitHub\LAB5\Yuhan_Yuqian_lab5.c:162: TR0=0; // Stop Timer/Counter 0
00D9 C28C       755            clr     _TR0
00DB 22         756            ret
00DC            757   ;------------------------------------------------------------
00DC            758   ;Allocation info for local variables in function 'InitPinADC'
00DC            759   ;------------------------------------------------------------
00DC            760   ;pinno                     Allocated with name '_InitPinADC_PARM_2'
00DC            761   ;portno                    Allocated to registers r2 
00DC            762   ;mask                      Allocated to registers r3 
00DC            763   ;------------------------------------------------------------
00DC            764   ;        C:\Users\qiuyu\OneDrive\Documents\GitHub\LAB5\Yuhan_Yuqian_lab5.c:167: void InitPinADC (unsigned char portno, unsigned char pinno)
00DC            765   ;        -----------------------------------------
00DC            766   ;         function InitPinADC
00DC            767   ;        -----------------------------------------
00DC            768   _InitPinADC:
00DC AA82       769            mov     r2,dpl
00DE            770   ;        C:\Users\qiuyu\OneDrive\Documents\GitHub\LAB5\Yuhan_Yuqian_lab5.c:171: mask=1<<pinno;
00DE 8548F0     771            mov     b,_InitPinADC_PARM_2
00E1 05F0       772            inc     b
00E3 7401       773            mov     a,#0x01
00E5 8000       774            sjmp    L007013?
00E7            775   L007011?:
00E7 25E0       776            add     a,acc
00E9            777   L007013?:
00E9 D5F058     778            djnz    b,L007011?
00EC FB         779            mov     r3,a
00ED            780   ;        C:\Users\qiuyu\OneDrive\Documents\GitHub\LAB5\Yuhan_Yuqian_lab5.c:173: SFRPAGE = 0x20;
00ED 75A720     781            mov     _SFRPAGE,#0x20
00F0            782   ;        C:\Users\qiuyu\OneDrive\Documents\GitHub\LAB5\Yuhan_Yuqian_lab5.c:174: switch (portno)
00F0 BA0098     783            cjne    r2,#0x00,L007014?
00F3 8000       784            sjmp    L007001?
00F5            785   L007014?:
00F5 BA0118     786            cjne    r2,#0x01,L007015?
00F8 8000       787            sjmp    L007002?
00FA            788   L007015?:
00FA            789   ;        C:\Users\qiuyu\OneDrive\Documents\GitHub\LAB5\Yuhan_Yuqian_lab5.c:176: case 0:
00FA BA0298     790            cjne    r2,#0x02,L007005?
00FD 8000       791            sjmp    L007003?
00FF            792   L007001?:
00FF            793   ;        C:\Users\qiuyu\OneDrive\Documents\GitHub\LAB5\Yuhan_Yuqian_lab5.c:177: P0MDIN &= (~mask); // Set pin as analog input
00FF EB         794            mov     a,r3
0100 F4         795            cpl     a
0101 FA         796            mov     r2,a
0102 52F1       797            anl     _P0MDIN,a
0104            798   ;        C:\Users\qiuyu\OneDrive\Documents\GitHub\LAB5\Yuhan_Yuqian_lab5.c:178: P0SKIP |= mask; // Skip Crossbar decoding for this pin
0104 EB         799            mov     a,r3
0105 42D4       800            orl     _P0SKIP,a
0107            801   ;        C:\Users\qiuyu\OneDrive\Documents\GitHub\LAB5\Yuhan_Yuqian_lab5.c:179: break;
0107            802   ;        C:\Users\qiuyu\OneDrive\Documents\GitHub\LAB5\Yuhan_Yuqian_lab5.c:180: case 1:
0107 8000       803            sjmp    L007005?
0109            804   L007002?:
0109            805   ;        C:\Users\qiuyu\OneDrive\Documents\GitHub\LAB5\Yuhan_Yuqian_lab5.c:181: P1MDIN &= (~mask); // Set pin as analog input
0109 EB         806            mov     a,r3
010A F4         807            cpl     a
010B FA         808            mov     r2,a
010C 52F2       809            anl     _P1MDIN,a
010E            810   ;        C:\Users\qiuyu\OneDrive\Documents\GitHub\LAB5\Yuhan_Yuqian_lab5.c:182: P1SKIP |= mask; // Skip Crossbar decoding for this pin
010E EB         811            mov     a,r3
010F 42D5       812            orl     _P1SKIP,a
0111            813   ;        C:\Users\qiuyu\OneDrive\Documents\GitHub\LAB5\Yuhan_Yuqian_lab5.c:183: break;
0111            814   ;        C:\Users\qiuyu\OneDrive\Documents\GitHub\LAB5\Yuhan_Yuqian_lab5.c:184: case 2:
0111 8000       815            sjmp    L007005?
0113            816   L007003?:
0113            817   ;        C:\Users\qiuyu\OneDrive\Documents\GitHub\LAB5\Yuhan_Yuqian_lab5.c:185: P2MDIN &= (~mask); // Set pin as analog input
0113 EB         818            mov     a,r3
0114 F4         819            cpl     a
0115 FA         820            mov     r2,a
0116 52F3       821            anl     _P2MDIN,a
0118            822   ;        C:\Users\qiuyu\OneDrive\Documents\GitHub\LAB5\Yuhan_Yuqian_lab5.c:186: P2SKIP |= mask; // Skip Crossbar decoding for this pin
0118 EB         823            mov     a,r3
0119 42CC       824            orl     _P2SKIP,a
011B            825   ;        C:\Users\qiuyu\OneDrive\Documents\GitHub\LAB5\Yuhan_Yuqian_lab5.c:190: }
011B            826   L007005?:
011B            827   ;        C:\Users\qiuyu\OneDrive\Documents\GitHub\LAB5\Yuhan_Yuqian_lab5.c:191: SFRPAGE = 0x00;
011B 75A700     828            mov     _SFRPAGE,#0x00
011E 22         829            ret
011F            830   ;------------------------------------------------------------
011F            831   ;Allocation info for local variables in function 'ADC_at_Pin'
011F            832   ;------------------------------------------------------------
011F            833   ;pin                       Allocated to registers 
011F            834   ;------------------------------------------------------------
011F            835   ;        C:\Users\qiuyu\OneDrive\Documents\GitHub\LAB5\Yuhan_Yuqian_lab5.c:195: unsigned int ADC_at_Pin(unsigned char pin)
011F            836   ;        -----------------------------------------
011F            837   ;         function ADC_at_Pin
011F            838   ;        -----------------------------------------
011F            839   _ADC_at_Pin:
011F 8582BB     840            mov     _ADC0MX,dpl
0122            841   ;        C:\Users\qiuyu\OneDrive\Documents\GitHub\LAB5\Yuhan_Yuqian_lab5.c:198: ADINT = 0;
0122 C2ED       842            clr     _ADINT
0124            843   ;        C:\Users\qiuyu\OneDrive\Documents\GitHub\LAB5\Yuhan_Yuqian_lab5.c:199: ADBUSY = 1;     // Convert voltage at the pin
0124 D2EC       844            setb    _ADBUSY
0126            845   ;        C:\Users\qiuyu\OneDrive\Documents\GitHub\LAB5\Yuhan_Yuqian_lab5.c:200: while (!ADINT); // Wait for conversion to complete
0126            846   L008001?:
0126 30ED18     847            jnb     _ADINT,L008001?
0129            848   ;        C:\Users\qiuyu\OneDrive\Documents\GitHub\LAB5\Yuhan_Yuqian_lab5.c:201: return (ADC0);
0129 85BD82     849            mov     dpl,_ADC0
012C 85BE83     850            mov     dph,(_ADC0 >> 8)
012F 22         851            ret
0130            852   ;------------------------------------------------------------
0130            853   ;Allocation info for local variables in function 'Volts_at_Pin'
0130            854   ;------------------------------------------------------------
0130            855   ;pin                       Allocated to registers r2 
0130            856   ;------------------------------------------------------------
0130            857   ;        C:\Users\qiuyu\OneDrive\Documents\GitHub\LAB5\Yuhan_Yuqian_lab5.c:204: float Volts_at_Pin(unsigned char pin)
0130            858   ;        -----------------------------------------
0130            859   ;         function Volts_at_Pin
0130            860   ;        -----------------------------------------
0130            861   _Volts_at_Pin:
0130            862   ;        C:\Users\qiuyu\OneDrive\Documents\GitHub\LAB5\Yuhan_Yuqian_lab5.c:206: return ((ADC_at_Pin(pin)*VDD)/0b_0011_1111_1111_1111);
0130 120000     863            lcall   _ADC_at_Pin
0133 120000     864            lcall   ___uint2fs
0136 AA82       865            mov     r2,dpl
0138 AB83       866            mov     r3,dph
013A ACF0       867            mov     r4,b
013C FD         868            mov     r5,a
013D C002       869            push    ar2
013F C003       870            push    ar3
0141 C004       871            push    ar4
0143 C005       872            push    ar5
0145 903333     873            mov     dptr,#0x3333
0148 75F053     874            mov     b,#0x53
014B 7440       875            mov     a,#0x40
014D 120000     876            lcall   ___fsmul
0150 AA82       877            mov     r2,dpl
0152 AB83       878            mov     r3,dph
0154 ACF0       879            mov     r4,b
0156 FD         880            mov     r5,a
0157 E581       881            mov     a,sp
0159 24FC       882            add     a,#0xfc
015B F581       883            mov     sp,a
015D E4         884            clr     a
015E C0E0       885            push    acc
0160 74FC       886            mov     a,#0xFC
0162 C0E0       887            push    acc
0164 747F       888            mov     a,#0x7F
0166 C0E0       889            push    acc
0168 7446       890            mov     a,#0x46
016A C0E0       891            push    acc
016C 8A82       892            mov     dpl,r2
016E 8B83       893            mov     dph,r3
0170 8CF0       894            mov     b,r4
0172 ED         895            mov     a,r5
0173 120000     896            lcall   ___fsdiv
0176 AA82       897            mov     r2,dpl
0178 AB83       898            mov     r3,dph
017A ACF0       899            mov     r4,b
017C FD         900            mov     r5,a
017D E581       901            mov     a,sp
017F 24FC       902            add     a,#0xfc
0181 F581       903            mov     sp,a
0183 8A82       904            mov     dpl,r2
0185 8B83       905            mov     dph,r3
0187 8CF0       906            mov     b,r4
0189 ED         907            mov     a,r5
018A 22         908            ret
018B            909   ;------------------------------------------------------------
018B            910   ;Allocation info for local variables in function 'Get_ADC'
018B            911   ;------------------------------------------------------------
018B            912   ;------------------------------------------------------------
018B            913   ;        C:\Users\qiuyu\OneDrive\Documents\GitHub\LAB5\Yuhan_Yuqian_lab5.c:209: unsigned int Get_ADC (void)
018B            914   ;        -----------------------------------------
018B            915   ;         function Get_ADC
018B            916   ;        -----------------------------------------
018B            917   _Get_ADC:
018B            918   ;        C:\Users\qiuyu\OneDrive\Documents\GitHub\LAB5\Yuhan_Yuqian_lab5.c:211: ADINT = 0;
018B C2ED       919            clr     _ADINT
018D            920   ;        C:\Users\qiuyu\OneDrive\Documents\GitHub\LAB5\Yuhan_Yuqian_lab5.c:212: ADBUSY = 1;
018D D2EC       921            setb    _ADBUSY
018F            922   ;        C:\Users\qiuyu\OneDrive\Documents\GitHub\LAB5\Yuhan_Yuqian_lab5.c:213: while (!ADINT); // Wait for conversion to complete
018F            923   L010001?:
018F 30ED58     924            jnb     _ADINT,L010001?
0192            925   ;        C:\Users\qiuyu\OneDrive\Documents\GitHub\LAB5\Yuhan_Yuqian_lab5.c:214: return (ADC0);
0192 85BD82     926            mov     dpl,_ADC0
0195 85BE83     927            mov     dph,(_ADC0 >> 8)
0198 22         928            ret
0199            929   ;------------------------------------------------------------
0199            930   ;Allocation info for local variables in function 'main'
0199            931   ;------------------------------------------------------------
0199            932   ;v                         Allocated with name '_main_v_1_63'
0199            933   ;period                    Allocated to registers r2 r3 r4 r5 
0199            934   ;------------------------------------------------------------
0199            935   ;        C:\Users\qiuyu\OneDrive\Documents\GitHub\LAB5\Yuhan_Yuqian_lab5.c:217: void main (void)
0199            936   ;        -----------------------------------------
0199            937   ;         function main
0199            938   ;        -----------------------------------------
0199            939   _main:
0199            940   ;        C:\Users\qiuyu\OneDrive\Documents\GitHub\LAB5\Yuhan_Yuqian_lab5.c:226: TIMER0_Init();
0199 120000     941            lcall   _TIMER0_Init
019C            942   ;        C:\Users\qiuyu\OneDrive\Documents\GitHub\LAB5\Yuhan_Yuqian_lab5.c:228: waitms(500); // Give PuTTy a chance to start before sending
019C 9001F4     943            mov     dptr,#0x01F4
019F 120000     944            lcall   _waitms
01A2            945   ;        C:\Users\qiuyu\OneDrive\Documents\GitHub\LAB5\Yuhan_Yuqian_lab5.c:229: printf("\x1b[2J"); // Clear screen using ANSI escape sequence.
01A2 7498       946            mov     a,#__str_0
01A4 C0E0       947            push    acc
01A6 74B6       948            mov     a,#(__str_0 >> 8)
01A8 C0E0       949            push    acc
01AA 7480       950            mov     a,#0x80
01AC C0E0       951            push    acc
01AE 120000     952            lcall   _printf
01B1 1581       953            dec     sp
01B3 1581       954            dec     sp
01B5 1581       955            dec     sp
01B7            956   ;        C:\Users\qiuyu\OneDrive\Documents\GitHub\LAB5\Yuhan_Yuqian_lab5.c:234: __FILE__, __DATE__, __TIME__);
01B7            957   ;        C:\Users\qiuyu\OneDrive\Documents\GitHub\LAB5\Yuhan_Yuqian_lab5.c:233: "Compiled: %s, %s\n\n",
01B7 7418       958            mov     a,#__str_4
01B9 C0E0       959            push    acc
01BB 74B7       960            mov     a,#(__str_4 >> 8)
01BD C0E0       961            push    acc
01BF 7480       962            mov     a,#0x80
01C1 C0E0       963            push    acc
01C3 7458       964            mov     a,#__str_3
01C5 C0E0       965            push    acc
01C7 74B7       966            mov     a,#(__str_3 >> 8)
01C9 C0E0       967            push    acc
01CB 7480       968            mov     a,#0x80
01CD C0E0       969            push    acc
01CF 7498       970            mov     a,#__str_2
01D1 C0E0       971            push    acc
01D3 74B7       972            mov     a,#(__str_2 >> 8)
01D5 C0E0       973            push    acc
01D7 7480       974            mov     a,#0x80
01D9 C0E0       975            push    acc
01DB 74D8       976            mov     a,#__str_1
01DD C0E0       977            push    acc
01DF 74B7       978            mov     a,#(__str_1 >> 8)
01E1 C0E0       979            push    acc
01E3 7480       980            mov     a,#0x80
01E5 C0E0       981            push    acc
01E7 120000     982            lcall   _printf
01EA E581       983            mov     a,sp
01EC 24F4       984            add     a,#0xf4
01EE F581       985            mov     sp,a
01F0            986   ;        C:\Users\qiuyu\OneDrive\Documents\GitHub\LAB5\Yuhan_Yuqian_lab5.c:236: InitPinADC(1, 6); // Configure P2.2 as analog input
01F0 754806     987            mov     _InitPinADC_PARM_2,#0x06
01F3 758201     988            mov     dpl,#0x01
01F6 120000     989            lcall   _InitPinADC
01F9            990   ;        C:\Users\qiuyu\OneDrive\Documents\GitHub\LAB5\Yuhan_Yuqian_lab5.c:237: InitPinADC(1, 7); // Configure P2.3 as analog input
01F9 754807     991            mov     _InitPinADC_PARM_2,#0x07
01FC 758201     992            mov     dpl,#0x01
01FF 120000     993            lcall   _InitPinADC
0202            994   ;        C:\Users\qiuyu\OneDrive\Documents\GitHub\LAB5\Yuhan_Yuqian_lab5.c:239: InitADC();
0202 120000     995            lcall   _InitADC
0205            996   ;        C:\Users\qiuyu\OneDrive\Documents\GitHub\LAB5\Yuhan_Yuqian_lab5.c:241: while(1)
0205            997   L011018?:
0205            998   ;        C:\Users\qiuyu\OneDrive\Documents\GitHub\LAB5\Yuhan_Yuqian_lab5.c:264: TL0=0; 
0205 758A00     999            mov     _TL0,#0x00
0208           1000   ;        C:\Users\qiuyu\OneDrive\Documents\GitHub\LAB5\Yuhan_Yuqian_lab5.c:265: TH0=0;
0208 758C00    1001            mov     _TH0,#0x00
020B           1002   ;        C:\Users\qiuyu\OneDrive\Documents\GitHub\LAB5\Yuhan_Yuqian_lab5.c:266: TF0=0;
020B C28D      1003            clr     _TF0
020D           1004   ;        C:\Users\qiuyu\OneDrive\Documents\GitHub\LAB5\Yuhan_Yuqian_lab5.c:267: overflow_count=0;
020D 751800    1005            mov     _overflow_count,#0x00
0210           1006   ;        C:\Users\qiuyu\OneDrive\Documents\GitHub\LAB5\Yuhan_Yuqian_lab5.c:269: while(P0_1!=0); // Wait for the signal to be zero
0210           1007   L011001?:
0210 208158    1008            jb      _P0_1,L011001?
0213           1009   ;        C:\Users\qiuyu\OneDrive\Documents\GitHub\LAB5\Yuhan_Yuqian_lab5.c:270: while(P0_1!=1); // Wait for the signal to be one
0213           1010   L011004?:
0213 308198    1011            jnb     _P0_1,L011004?
0216           1012   ;        C:\Users\qiuyu\OneDrive\Documents\GitHub\LAB5\Yuhan_Yuqian_lab5.c:271: TR0=1; // Start the timer
0216 D28C      1013            setb    _TR0
0218           1014   ;        C:\Users\qiuyu\OneDrive\Documents\GitHub\LAB5\Yuhan_Yuqian_lab5.c:272: while(P0_1!=0) // Wait for the signal to be zero
0218           1015   L011009?:
0218 308118    1016            jnb     _P0_1,L011014?
021B           1017   ;        C:\Users\qiuyu\OneDrive\Documents\GitHub\LAB5\Yuhan_Yuqian_lab5.c:274: if(TF0==1) // Did the 16-bit timer overflow?
021B           1018   ;        C:\Users\qiuyu\OneDrive\Documents\GitHub\LAB5\Yuhan_Yuqian_lab5.c:276: TF0=0;
021B 108D58    1019            jbc     _TF0,L011035?
021E 8000      1020            sjmp    L011009?
0220           1021   L011035?:
0220           1022   ;        C:\Users\qiuyu\OneDrive\Documents\GitHub\LAB5\Yuhan_Yuqian_lab5.c:277: overflow_count++;
0220 0518      1023            inc     _overflow_count
0222           1024   ;        C:\Users\qiuyu\OneDrive\Documents\GitHub\LAB5\Yuhan_Yuqian_lab5.c:280: while(P0_1!=1) // Wait for the signal to be one
0222 8000      1025            sjmp    L011009?
0224           1026   L011014?:
0224 208198    1027            jb      _P0_1,L011016?
0227           1028   ;        C:\Users\qiuyu\OneDrive\Documents\GitHub\LAB5\Yuhan_Yuqian_lab5.c:282: if(TF0==1) // Did the 16-bit timer overflow?
0227           1029   ;        C:\Users\qiuyu\OneDrive\Documents\GitHub\LAB5\Yuhan_Yuqian_lab5.c:284: TF0=0;
0227 108DD8    1030            jbc     _TF0,L011037?
022A 8000      1031            sjmp    L011014?
022C           1032   L011037?:
022C           1033   ;        C:\Users\qiuyu\OneDrive\Documents\GitHub\LAB5\Yuhan_Yuqian_lab5.c:285: overflow_count++;
022C 0518      1034            inc     _overflow_count
022E 8000      1035            sjmp    L011014?
0230           1036   L011016?:
0230           1037   ;        C:\Users\qiuyu\OneDrive\Documents\GitHub\LAB5\Yuhan_Yuqian_lab5.c:288: TR0=0; // Stop timer 0, the 24-bit number [overflow_count-TH0-TL0] has the period!
0230 C28C      1038            clr     _TR0
0232           1039   ;        C:\Users\qiuyu\OneDrive\Documents\GitHub\LAB5\Yuhan_Yuqian_lab5.c:289: period=(overflow_count*65536.0+TH0*256.0+TL0)*(12.0/SYSCLK);
0232 851882    1040            mov     dpl,_overflow_count
0235 120000    1041            lcall   ___uchar2fs
0238 AA82      1042            mov     r2,dpl
023A AB83      1043            mov     r3,dph
023C ACF0      1044            mov     r4,b
023E FD        1045            mov     r5,a
023F C002      1046            push    ar2
0241 C003      1047            push    ar3
0243 C004      1048            push    ar4
0245 C005      1049            push    ar5
0247 900000    1050            mov     dptr,#0x0000
024A 75F080    1051            mov     b,#0x80
024D 7447      1052            mov     a,#0x47
024F 120000    1053            lcall   ___fsmul
0252 AA82      1054            mov     r2,dpl
0254 AB83      1055            mov     r3,dph
0256 ACF0      1056            mov     r4,b
0258 FD        1057            mov     r5,a
0259 E581      1058            mov     a,sp
025B 24FC      1059            add     a,#0xfc
025D F581      1060            mov     sp,a
025F 858C82    1061            mov     dpl,_TH0
0262 C002      1062            push    ar2
0264 C003      1063            push    ar3
0266 C004      1064            push    ar4
0268 C005      1065            push    ar5
026A 120000    1066            lcall   ___uchar2fs
026D AE82      1067            mov     r6,dpl
026F AF83      1068            mov     r7,dph
0271 A8F0      1069            mov     r0,b
0273 F9        1070            mov     r1,a
0274 C006      1071            push    ar6
0276 C007      1072            push    ar7
0278 C000      1073            push    ar0
027A C001      1074            push    ar1
027C 900000    1075            mov     dptr,#0x0000
027F 75F080    1076            mov     b,#0x80
0282 7443      1077            mov     a,#0x43
0284 120000    1078            lcall   ___fsmul
0287 AE82      1079            mov     r6,dpl
0289 AF83      1080            mov     r7,dph
028B A8F0      1081            mov     r0,b
028D F9        1082            mov     r1,a
028E E581      1083            mov     a,sp
0290 24FC      1084            add     a,#0xfc
0292 F581      1085            mov     sp,a
0294 D005      1086            pop     ar5
0296 D004      1087            pop     ar4
0298 D003      1088            pop     ar3
029A D002      1089            pop     ar2
029C C006      1090            push    ar6
029E C007      1091            push    ar7
02A0 C000      1092            push    ar0
02A2 C001      1093            push    ar1
02A4 8A82      1094            mov     dpl,r2
02A6 8B83      1095            mov     dph,r3
02A8 8CF0      1096            mov     b,r4
02AA ED        1097            mov     a,r5
02AB 120000    1098            lcall   ___fsadd
02AE AA82      1099            mov     r2,dpl
02B0 AB83      1100            mov     r3,dph
02B2 ACF0      1101            mov     r4,b
02B4 FD        1102            mov     r5,a
02B5 E581      1103            mov     a,sp
02B7 24FC      1104            add     a,#0xfc
02B9 F581      1105            mov     sp,a
02BB AE8A      1106            mov     r6,_TL0
02BD 7F00      1107            mov     r7,#0x00
02BF 8E82      1108            mov     dpl,r6
02C1 8F83      1109            mov     dph,r7
02C3 C002      1110            push    ar2
02C5 C003      1111            push    ar3
02C7 C004      1112            push    ar4
02C9 C005      1113            push    ar5
02CB 120000    1114            lcall   ___sint2fs
02CE AE82      1115            mov     r6,dpl
02D0 AF83      1116            mov     r7,dph
02D2 A8F0      1117            mov     r0,b
02D4 F9        1118            mov     r1,a
02D5 D005      1119            pop     ar5
02D7 D004      1120            pop     ar4
02D9 D003      1121            pop     ar3
02DB D002      1122            pop     ar2
02DD C006      1123            push    ar6
02DF C007      1124            push    ar7
02E1 C000      1125            push    ar0
02E3 C001      1126            push    ar1
02E5 8A82      1127            mov     dpl,r2
02E7 8B83      1128            mov     dph,r3
02E9 8CF0      1129            mov     b,r4
02EB ED        1130            mov     a,r5
02EC 120000    1131            lcall   ___fsadd
02EF AA82      1132            mov     r2,dpl
02F1 AB83      1133            mov     r3,dph
02F3 ACF0      1134            mov     r4,b
02F5 FD        1135            mov     r5,a
02F6 E581      1136            mov     a,sp
02F8 24FC      1137            add     a,#0xfc
02FA F581      1138            mov     sp,a
02FC C002      1139            push    ar2
02FE C003      1140            push    ar3
0300 C004      1141            push    ar4
0302 C005      1142            push    ar5
0304 90F4FC    1143            mov     dptr,#0xF4FC
0307 75F032    1144            mov     b,#0x32
030A 7434      1145            mov     a,#0x34
030C 120000    1146            lcall   ___fsmul
030F AA82      1147            mov     r2,dpl
0311 AB83      1148            mov     r3,dph
0313 ACF0      1149            mov     r4,b
0315 FD        1150            mov     r5,a
0316 E581      1151            mov     a,sp
0318 24FC      1152            add     a,#0xfc
031A F581      1153            mov     sp,a
031C           1154   ;        C:\Users\qiuyu\OneDrive\Documents\GitHub\LAB5\Yuhan_Yuqian_lab5.c:291: printf( "\r\nT=%7.2f ms", period*1000.0);
031C C002      1155            push    ar2
031E C003      1156            push    ar3
0320 C004      1157            push    ar4
0322 C005      1158            push    ar5
0324 900000    1159            mov     dptr,#0x0000
0327 75F07A    1160            mov     b,#0x7A
032A 7444      1161            mov     a,#0x44
032C 120000    1162            lcall   ___fsmul
032F AA82      1163            mov     r2,dpl
0331 AB83      1164            mov     r3,dph
0333 ACF0      1165            mov     r4,b
0335 FD        1166            mov     r5,a
0336 E581      1167            mov     a,sp
0338 24FC      1168            add     a,#0xfc
033A F581      1169            mov     sp,a
033C C002      1170            push    ar2
033E C003      1171            push    ar3
0340 C004      1172            push    ar4
0342 C005      1173            push    ar5
0344 74D8      1174            mov     a,#__str_5
0346 C0E0      1175            push    acc
0348 74BA      1176            mov     a,#(__str_5 >> 8)
034A C0E0      1177            push    acc
034C 7480      1178            mov     a,#0x80
034E C0E0      1179            push    acc
0350 120000    1180            lcall   _printf
0353 E581      1181            mov     a,sp
0355 24F9      1182            add     a,#0xf9
0357 F581      1183            mov     sp,a
0359           1184   ;        C:\Users\qiuyu\OneDrive\Documents\GitHub\LAB5\Yuhan_Yuqian_lab5.c:292: waitms(40);
0359 900028    1185            mov     dptr,#0x0028
035C 120000    1186            lcall   _waitms
035F 020000    1187            ljmp    L011018?
0362           1188            rseg R_CSEG
0362           1189   
0000           1190            rseg R_XINIT
0000           1191   
0000           1192            rseg R_CONST
0000           1193   __str_0:
0000 1B        1194            db 0x1B
0001 5B324A    1195            db '[2J'
0004 00        1196            db 0x00
0005           1197   __str_1:
0005 41444320  1198            db 'ADC test program'
     74657374
     2070726F
     6772616D
0015 0A        1199            db 0x0A
0016 46696C65  1200            db 'File: %s'
     3A202573
001E 0A        1201            db 0x0A
001F 436F6D70  1202            db 'Compiled: %s, %s'
     696C6564
     3A202573
     2C202573
002F 0A        1203            db 0x0A
0030 0A        1204            db 0x0A
0031 00        1205            db 0x00
0032           1206   __str_2:
0032 433A      1207            db 'C:'
0034 5C        1208            db 0x5C
0035 55736572  1209            db 'Users'
     73
003A 5C        1210            db 0x5C
003B 71697579  1211            db 'qiuyu'
     75
0040 5C        1212            db 0x5C
0041 4F6E6544  1213            db 'OneDrive'
     72697665
0049 5C        1214            db 0x5C
004A 446F6375  1215            db 'Documents'
     6D656E74
     73
0053 5C        1216            db 0x5C
0054 47697448  1217            db 'GitHub'
     7562
005A 5C        1218            db 0x5C
005B 4C414235  1219            db 'LAB5'
005F 5C        1220            db 0x5C
0060 59756861  1221            db 'Yuhan_Yuqian_l'
     6E5F5975
     7169616E
     5F6C
006E 6162352E  1222            db 'ab5.c'
     63
0073 00        1223            db 0x00
0074           1224   __str_3:
0074 4D617220  1225            db 'Mar  5 2024'
     20352032
     303234
007F 00        1226            db 0x00
0080           1227   __str_4:
0080 31313A32  1228            db '11:22:13'
     323A3133
0088 00        1229            db 0x00
0089           1230   __str_5:
0089 0D        1231            db 0x0D
008A 0A        1232            db 0x0A
008B 543D2537  1233            db 'T=%7.2f ms'
     2E326620
     6D73
0095 00        1234            db 0x00
0096           1235   
0003           1236            CSEG
0003           1237   
0003           1238   end
